<?xml version="1.0" encoding="UTF-8"?>
<!-- Generated by org.testng.reporters.JUnitXMLReporter -->
<testsuite ignored="0" hostname="IT-D-CORE23-NB" failures="1" tests="1" name="Test On Chrome" time="45.008" errors="0" timestamp="2022-01-24T11:01:37 EET">
  <testcase classname="testScripts.TemperatureTest" name="temperature" time="30.159">
    <failure type="java.lang.IllegalArgumentException" message="Keys to send should be a not null CharSequence">
      <![CDATA[java.lang.IllegalArgumentException: Keys to send should be a not null CharSequence
at org.openqa.selenium.remote.RemoteWebElement.sendKeys(RemoteWebElement.java:97)
at pages.BasePage.setText(BasePage.java:27)
at pages.PaymentPage.enterCvc(PaymentPage.java:47)
at testScripts.TemperatureTest.temperature(TemperatureTest.java:72)
at java.base/java.util.ArrayList.forEach(ArrayList.java:1511)
at java.base/java.util.concurrent.FutureTask.run(FutureTask.java:264)
at java.base/java.util.concurrent.ThreadPoolExecutor.runWorker(ThreadPoolExecutor.java:1130)
at java.base/java.util.concurrent.ThreadPoolExecutor$Worker.run(ThreadPoolExecutor.java:630)
at java.base/java.lang.Thread.run(Thread.java:831)
... Removed 18 stack frames]]>
    </failure>
  </testcase> <!-- temperature -->
</testsuite> <!-- Test On Chrome -->
